2023-10-04 10:01:18,397:WARNING:
'cuml' is a soft dependency and not included in the pycaret installation. Please run: `pip install cuml` to install.
2023-10-04 10:01:18,397:WARNING:
'cuml' is a soft dependency and not included in the pycaret installation. Please run: `pip install cuml` to install.
2023-10-04 10:01:18,397:WARNING:
'cuml' is a soft dependency and not included in the pycaret installation. Please run: `pip install cuml` to install.
2023-10-04 10:01:18,397:WARNING:
'cuml' is a soft dependency and not included in the pycaret installation. Please run: `pip install cuml` to install.
2023-10-04 10:01:42,178:INFO:PyCaret ClassificationExperiment
2023-10-04 10:01:42,178:INFO:Logging name: clf-default-name
2023-10-04 10:01:42,178:INFO:ML Usecase: MLUsecase.CLASSIFICATION
2023-10-04 10:01:42,178:INFO:version 3.1.0
2023-10-04 10:01:42,178:INFO:Initializing setup()
2023-10-04 10:01:42,178:INFO:self.USI: 60fc
2023-10-04 10:01:42,178:INFO:self._variable_keys: {'_available_plots', 'idx', 'log_plots_param', 'X', 'fold_groups_param', 'data', 'exp_name_log', 'target_param', '_ml_usecase', 'logging_param', 'seed', 'USI', 'y', 'X_train', 'html_param', 'X_test', 'y_test', 'fold_generator', 'exp_id', 'is_multiclass', 'fix_imbalance', 'gpu_n_jobs_param', 'y_train', 'n_jobs_param', 'fold_shuffle_param', 'pipeline', 'memory', 'gpu_param'}
2023-10-04 10:01:42,178:INFO:Checking environment
2023-10-04 10:01:42,178:INFO:python_version: 3.10.9
2023-10-04 10:01:42,178:INFO:python_build: ('main', 'Mar  1 2023 18:18:15')
2023-10-04 10:01:42,178:INFO:machine: AMD64
2023-10-04 10:01:42,178:INFO:platform: Windows-10-10.0.22000-SP0
2023-10-04 10:01:42,178:INFO:Memory: svmem(total=8316321792, available=2044354560, percent=75.4, used=6271967232, free=2044354560)
2023-10-04 10:01:42,178:INFO:Physical Core: 2
2023-10-04 10:01:42,178:INFO:Logical Core: 4
2023-10-04 10:01:42,178:INFO:Checking libraries
2023-10-04 10:01:42,178:INFO:System:
2023-10-04 10:01:42,178:INFO:    python: 3.10.9 | packaged by Anaconda, Inc. | (main, Mar  1 2023, 18:18:15) [MSC v.1916 64 bit (AMD64)]
2023-10-04 10:01:42,178:INFO:executable: C:\Users\sandr\anaconda3\python.exe
2023-10-04 10:01:42,178:INFO:   machine: Windows-10-10.0.22000-SP0
2023-10-04 10:01:42,178:INFO:PyCaret required dependencies:
2023-10-04 10:01:46,685:INFO:                 pip: 22.3.1
2023-10-04 10:01:46,685:INFO:          setuptools: 65.6.3
2023-10-04 10:01:46,685:INFO:             pycaret: 3.1.0
2023-10-04 10:01:46,685:INFO:             IPython: 8.10.0
2023-10-04 10:01:46,685:INFO:          ipywidgets: 7.6.5
2023-10-04 10:01:46,685:INFO:                tqdm: 4.64.1
2023-10-04 10:01:46,685:INFO:               numpy: 1.23.5
2023-10-04 10:01:46,685:INFO:              pandas: 1.5.3
2023-10-04 10:01:46,685:INFO:              jinja2: 3.1.2
2023-10-04 10:01:46,685:INFO:               scipy: 1.10.1
2023-10-04 10:01:46,685:INFO:              joblib: 1.3.2
2023-10-04 10:01:46,685:INFO:             sklearn: 1.2.1
2023-10-04 10:01:46,685:INFO:                pyod: 1.1.0
2023-10-04 10:01:46,685:INFO:            imblearn: 0.10.1
2023-10-04 10:01:46,685:INFO:   category_encoders: 2.6.2
2023-10-04 10:01:46,685:INFO:            lightgbm: 4.1.0
2023-10-04 10:01:46,685:INFO:               numba: 0.56.4
2023-10-04 10:01:46,685:INFO:            requests: 2.28.1
2023-10-04 10:01:46,685:INFO:          matplotlib: 3.7.0
2023-10-04 10:01:46,685:INFO:          scikitplot: 0.3.7
2023-10-04 10:01:46,685:INFO:         yellowbrick: 1.5
2023-10-04 10:01:46,685:INFO:              plotly: 5.9.0
2023-10-04 10:01:46,685:INFO:    plotly-resampler: Not installed
2023-10-04 10:01:46,685:INFO:             kaleido: 0.2.1
2023-10-04 10:01:46,685:INFO:           schemdraw: 0.15
2023-10-04 10:01:46,685:INFO:         statsmodels: 0.13.5
2023-10-04 10:01:46,685:INFO:              sktime: 0.21.1
2023-10-04 10:01:46,685:INFO:               tbats: 1.1.3
2023-10-04 10:01:46,685:INFO:            pmdarima: 2.0.3
2023-10-04 10:01:46,685:INFO:              psutil: 5.9.0
2023-10-04 10:01:46,685:INFO:          markupsafe: 2.1.1
2023-10-04 10:01:46,685:INFO:             pickle5: Not installed
2023-10-04 10:01:46,685:INFO:         cloudpickle: 2.0.0
2023-10-04 10:01:46,685:INFO:         deprecation: 2.1.0
2023-10-04 10:01:46,685:INFO:              xxhash: 3.3.0
2023-10-04 10:01:46,685:INFO:           wurlitzer: Not installed
2023-10-04 10:01:46,685:INFO:PyCaret optional dependencies:
2023-10-04 10:01:46,732:INFO:                shap: 0.42.1
2023-10-04 10:01:46,733:INFO:           interpret: Not installed
2023-10-04 10:01:46,733:INFO:                umap: Not installed
2023-10-04 10:01:46,733:INFO:     ydata_profiling: 4.3.2
2023-10-04 10:01:46,733:INFO:  explainerdashboard: Not installed
2023-10-04 10:01:46,733:INFO:             autoviz: Not installed
2023-10-04 10:01:46,733:INFO:           fairlearn: Not installed
2023-10-04 10:01:46,733:INFO:          deepchecks: Not installed
2023-10-04 10:01:46,733:INFO:             xgboost: 1.7.6
2023-10-04 10:01:46,733:INFO:            catboost: Not installed
2023-10-04 10:01:46,733:INFO:              kmodes: Not installed
2023-10-04 10:01:46,733:INFO:             mlxtend: 0.22.0
2023-10-04 10:01:46,733:INFO:       statsforecast: Not installed
2023-10-04 10:01:46,733:INFO:        tune_sklearn: Not installed
2023-10-04 10:01:46,733:INFO:                 ray: Not installed
2023-10-04 10:01:46,733:INFO:            hyperopt: Not installed
2023-10-04 10:01:46,733:INFO:              optuna: Not installed
2023-10-04 10:01:46,733:INFO:               skopt: Not installed
2023-10-04 10:01:46,733:INFO:              mlflow: Not installed
2023-10-04 10:01:46,733:INFO:              gradio: Not installed
2023-10-04 10:01:46,733:INFO:             fastapi: Not installed
2023-10-04 10:01:46,733:INFO:             uvicorn: Not installed
2023-10-04 10:01:46,733:INFO:              m2cgen: Not installed
2023-10-04 10:01:46,733:INFO:           evidently: Not installed
2023-10-04 10:01:46,733:INFO:               fugue: Not installed
2023-10-04 10:01:46,733:INFO:           streamlit: 1.27.1
2023-10-04 10:01:46,733:INFO:             prophet: Not installed
2023-10-04 10:01:46,733:INFO:None
2023-10-04 10:01:46,733:INFO:Set up data.
2023-10-04 10:01:46,749:INFO:Set up folding strategy.
2023-10-04 10:01:46,749:INFO:Set up train/test split.
2023-10-04 10:01:46,749:INFO:Set up index.
2023-10-04 10:01:46,749:INFO:Assigning column types.
2023-10-04 10:01:46,765:INFO:Engine successfully changes for model 'lr' to 'sklearn'.
2023-10-04 10:01:46,875:INFO:Engine for model 'knn' has not been set explicitly, hence returning None.
2023-10-04 10:01:46,875:INFO:Engine for model 'rbfsvm' has not been set explicitly, hence returning None.
2023-10-04 10:01:47,004:INFO:Soft dependency imported: xgboost: 1.7.6
2023-10-04 10:01:47,004:WARNING:
'catboost' is a soft dependency and not included in the pycaret installation. Please run: `pip install catboost` to install.
Alternately, you can install this by running `pip install pycaret[models]`
2023-10-04 10:01:47,141:INFO:Engine for model 'knn' has not been set explicitly, hence returning None.
2023-10-04 10:01:47,146:INFO:Engine for model 'rbfsvm' has not been set explicitly, hence returning None.
2023-10-04 10:01:47,235:INFO:Soft dependency imported: xgboost: 1.7.6
2023-10-04 10:01:47,245:WARNING:
'catboost' is a soft dependency and not included in the pycaret installation. Please run: `pip install catboost` to install.
Alternately, you can install this by running `pip install pycaret[models]`
2023-10-04 10:01:47,246:INFO:Engine successfully changes for model 'knn' to 'sklearn'.
2023-10-04 10:01:47,353:INFO:Engine for model 'rbfsvm' has not been set explicitly, hence returning None.
2023-10-04 10:01:47,417:INFO:Soft dependency imported: xgboost: 1.7.6
2023-10-04 10:01:47,417:WARNING:
'catboost' is a soft dependency and not included in the pycaret installation. Please run: `pip install catboost` to install.
Alternately, you can install this by running `pip install pycaret[models]`
2023-10-04 10:01:47,549:INFO:Engine for model 'rbfsvm' has not been set explicitly, hence returning None.
2023-10-04 10:01:47,611:INFO:Soft dependency imported: xgboost: 1.7.6
2023-10-04 10:01:47,616:WARNING:
'catboost' is a soft dependency and not included in the pycaret installation. Please run: `pip install catboost` to install.
Alternately, you can install this by running `pip install pycaret[models]`
2023-10-04 10:01:47,617:INFO:Engine successfully changes for model 'rbfsvm' to 'sklearn'.
2023-10-04 10:01:47,775:INFO:Soft dependency imported: xgboost: 1.7.6
2023-10-04 10:01:47,775:WARNING:
'catboost' is a soft dependency and not included in the pycaret installation. Please run: `pip install catboost` to install.
Alternately, you can install this by running `pip install pycaret[models]`
2023-10-04 10:01:47,948:INFO:Soft dependency imported: xgboost: 1.7.6
2023-10-04 10:01:47,954:WARNING:
'catboost' is a soft dependency and not included in the pycaret installation. Please run: `pip install catboost` to install.
Alternately, you can install this by running `pip install pycaret[models]`
2023-10-04 10:01:47,973:INFO:Preparing preprocessing pipeline...
2023-10-04 10:01:47,973:INFO:Set up simple imputation.
2023-10-04 10:01:47,973:INFO:Set up removing multicollinearity.
2023-10-04 10:01:48,028:INFO:Finished creating preprocessing pipeline.
2023-10-04 10:01:48,028:INFO:Pipeline: Pipeline(memory=FastMemory(location=C:\Users\sandr\AppData\Local\Temp\joblib),
         steps=[('numerical_imputer',
                 TransformerWrapper(exclude=None,
                                    include=['Pregnancies', 'Glucose',
                                             'BloodPressure', 'SkinThickness',
                                             'Insulin', 'BMI',
                                             'DiabetesPedigreeFunction',
                                             'Age'],
                                    transformer=SimpleImputer(add_indicator=False,
                                                              copy=True,
                                                              fill_value=None,
                                                              keep_empty_features=False...
                ('categorical_imputer',
                 TransformerWrapper(exclude=None, include=[],
                                    transformer=SimpleImputer(add_indicator=False,
                                                              copy=True,
                                                              fill_value=None,
                                                              keep_empty_features=False,
                                                              missing_values=nan,
                                                              strategy='most_frequent',
                                                              verbose='deprecated'))),
                ('remove_multicollinearity',
                 TransformerWrapper(exclude=[], include=None,
                                    transformer=RemoveMulticollinearity(threshold=0.9)))],
         verbose=False)
2023-10-04 10:01:48,028:INFO:Creating final display dataframe.
2023-10-04 10:01:48,210:INFO:Setup _display_container:                     Description             Value
0                    Session id              1650
1                        Target           Outcome
2                   Target type            Binary
3           Original data shape          (768, 9)
4        Transformed data shape          (768, 9)
5   Transformed train set shape          (537, 9)
6    Transformed test set shape          (231, 9)
7              Numeric features                 8
8                    Preprocess              True
9               Imputation type            simple
10           Numeric imputation              mean
11       Categorical imputation              mode
12     Remove multicollinearity              True
13  Multicollinearity threshold               0.9
14               Fold Generator   StratifiedKFold
15                  Fold Number                10
16                     CPU Jobs                -1
17                      Use GPU             False
18               Log Experiment             False
19              Experiment Name  clf-default-name
20                          USI              60fc
2023-10-04 10:01:48,391:INFO:Soft dependency imported: xgboost: 1.7.6
2023-10-04 10:01:48,391:WARNING:
'catboost' is a soft dependency and not included in the pycaret installation. Please run: `pip install catboost` to install.
Alternately, you can install this by running `pip install pycaret[models]`
2023-10-04 10:01:48,548:INFO:Soft dependency imported: xgboost: 1.7.6
2023-10-04 10:01:48,564:WARNING:
'catboost' is a soft dependency and not included in the pycaret installation. Please run: `pip install catboost` to install.
Alternately, you can install this by running `pip install pycaret[models]`
2023-10-04 10:01:48,564:INFO:setup() successfully completed in 6.43s...............
2023-10-04 10:02:08,548:INFO:Initializing compare_models()
2023-10-04 10:02:08,548:INFO:compare_models(self=<pycaret.classification.oop.ClassificationExperiment object at 0x00000187799DBE20>, include=None, fold=5, round=4, cross_validation=True, sort=Accuracy, n_select=1, budget_time=None, turbo=True, errors=ignore, fit_kwargs=None, groups=None, experiment_custom_tags=None, probability_threshold=None, verbose=True, parallel=None, caller_params={'self': <pycaret.classification.oop.ClassificationExperiment object at 0x00000187799DBE20>, 'include': None, 'exclude': None, 'fold': 5, 'round': 4, 'cross_validation': True, 'sort': 'Accuracy', 'n_select': 1, 'budget_time': None, 'turbo': True, 'errors': 'ignore', 'fit_kwargs': None, 'groups': None, 'experiment_custom_tags': None, 'probability_threshold': None, 'engine': None, 'verbose': True, 'parallel': None, '__class__': <class 'pycaret.classification.oop.ClassificationExperiment'>}, exclude=None)
2023-10-04 10:02:08,548:INFO:Checking exceptions
2023-10-04 10:02:08,567:INFO:Preparing display monitor
2023-10-04 10:02:08,638:INFO:Initializing Logistic Regression
2023-10-04 10:02:08,638:INFO:Total runtime is 0.0 minutes
2023-10-04 10:02:08,645:INFO:SubProcess create_model() called ==================================
2023-10-04 10:02:08,646:INFO:Initializing create_model()
2023-10-04 10:02:08,646:INFO:create_model(self=<pycaret.classification.oop.ClassificationExperiment object at 0x00000187799DBE20>, estimator=lr, fold=StratifiedKFold(n_splits=5, random_state=None, shuffle=False), round=4, cross_validation=True, predict=True, fit_kwargs={}, groups=None, refit=False, probability_threshold=None, experiment_custom_tags=None, verbose=False, system=False, add_to_model_list=True, metrics=None, display=<pycaret.internal.display.display.CommonDisplay object at 0x000001877B3CFA30>, model_only=True, return_train_score=False, kwargs={})
2023-10-04 10:02:08,646:INFO:Checking exceptions
2023-10-04 10:02:08,646:INFO:Importing libraries
2023-10-04 10:02:08,646:INFO:Copying training dataset
2023-10-04 10:02:08,653:INFO:Defining folds
2023-10-04 10:02:08,653:INFO:Declaring metric variables
2023-10-04 10:02:08,662:INFO:Importing untrained model
2023-10-04 10:02:08,672:INFO:Logistic Regression Imported successfully
2023-10-04 10:02:08,691:INFO:Starting cross validation
2023-10-04 10:02:08,695:INFO:Cross validating with StratifiedKFold(n_splits=5, random_state=None, shuffle=False), n_jobs=-1
2023-10-04 10:02:15,695:INFO:Calculating mean and std
2023-10-04 10:02:15,698:INFO:Creating metrics dataframe
2023-10-04 10:02:15,708:INFO:Uploading results into container
2023-10-04 10:02:15,708:INFO:Uploading model into container now
2023-10-04 10:02:15,708:INFO:_master_model_container: 1
2023-10-04 10:02:15,708:INFO:_display_container: 2
2023-10-04 10:02:15,716:INFO:LogisticRegression(C=1.0, class_weight=None, dual=False, fit_intercept=True,
                   intercept_scaling=1, l1_ratio=None, max_iter=1000,
                   multi_class='auto', n_jobs=None, penalty='l2',
                   random_state=1650, solver='lbfgs', tol=0.0001, verbose=0,
                   warm_start=False)
2023-10-04 10:02:15,718:INFO:create_model() successfully completed......................................
2023-10-04 10:02:16,010:INFO:SubProcess create_model() end ==================================
2023-10-04 10:02:16,010:INFO:Creating metrics dataframe
2023-10-04 10:02:16,034:INFO:Initializing K Neighbors Classifier
2023-10-04 10:02:16,034:INFO:Total runtime is 0.12326362133026122 minutes
2023-10-04 10:02:16,041:INFO:SubProcess create_model() called ==================================
2023-10-04 10:02:16,042:INFO:Initializing create_model()
2023-10-04 10:02:16,042:INFO:create_model(self=<pycaret.classification.oop.ClassificationExperiment object at 0x00000187799DBE20>, estimator=knn, fold=StratifiedKFold(n_splits=5, random_state=None, shuffle=False), round=4, cross_validation=True, predict=True, fit_kwargs={}, groups=None, refit=False, probability_threshold=None, experiment_custom_tags=None, verbose=False, system=False, add_to_model_list=True, metrics=None, display=<pycaret.internal.display.display.CommonDisplay object at 0x000001877B3CFA30>, model_only=True, return_train_score=False, kwargs={})
2023-10-04 10:02:16,043:INFO:Checking exceptions
2023-10-04 10:02:16,043:INFO:Importing libraries
2023-10-04 10:02:16,044:INFO:Copying training dataset
2023-10-04 10:02:16,048:INFO:Defining folds
2023-10-04 10:02:16,048:INFO:Declaring metric variables
2023-10-04 10:02:16,061:INFO:Importing untrained model
2023-10-04 10:02:16,071:INFO:K Neighbors Classifier Imported successfully
2023-10-04 10:02:16,094:INFO:Starting cross validation
2023-10-04 10:02:16,095:INFO:Cross validating with StratifiedKFold(n_splits=5, random_state=None, shuffle=False), n_jobs=-1
2023-10-04 10:02:16,347:INFO:Calculating mean and std
2023-10-04 10:02:16,350:INFO:Creating metrics dataframe
2023-10-04 10:02:16,363:INFO:Uploading results into container
2023-10-04 10:02:16,364:INFO:Uploading model into container now
2023-10-04 10:02:16,364:INFO:_master_model_container: 2
2023-10-04 10:02:16,364:INFO:_display_container: 2
2023-10-04 10:02:16,364:INFO:KNeighborsClassifier(algorithm='auto', leaf_size=30, metric='minkowski',
                     metric_params=None, n_jobs=-1, n_neighbors=5, p=2,
                     weights='uniform')
2023-10-04 10:02:16,364:INFO:create_model() successfully completed......................................
2023-10-04 10:02:16,735:INFO:SubProcess create_model() end ==================================
2023-10-04 10:02:16,735:INFO:Creating metrics dataframe
2023-10-04 10:02:16,758:INFO:Initializing Naive Bayes
2023-10-04 10:02:16,758:INFO:Total runtime is 0.13532956838607788 minutes
2023-10-04 10:02:16,774:INFO:SubProcess create_model() called ==================================
2023-10-04 10:02:16,774:INFO:Initializing create_model()
2023-10-04 10:02:16,774:INFO:create_model(self=<pycaret.classification.oop.ClassificationExperiment object at 0x00000187799DBE20>, estimator=nb, fold=StratifiedKFold(n_splits=5, random_state=None, shuffle=False), round=4, cross_validation=True, predict=True, fit_kwargs={}, groups=None, refit=False, probability_threshold=None, experiment_custom_tags=None, verbose=False, system=False, add_to_model_list=True, metrics=None, display=<pycaret.internal.display.display.CommonDisplay object at 0x000001877B3CFA30>, model_only=True, return_train_score=False, kwargs={})
2023-10-04 10:02:16,774:INFO:Checking exceptions
2023-10-04 10:02:16,774:INFO:Importing libraries
2023-10-04 10:02:16,774:INFO:Copying training dataset
2023-10-04 10:02:16,781:INFO:Defining folds
2023-10-04 10:02:16,781:INFO:Declaring metric variables
2023-10-04 10:02:16,796:INFO:Importing untrained model
2023-10-04 10:02:16,809:INFO:Naive Bayes Imported successfully
2023-10-04 10:02:16,827:INFO:Starting cross validation
2023-10-04 10:02:16,828:INFO:Cross validating with StratifiedKFold(n_splits=5, random_state=None, shuffle=False), n_jobs=-1
2023-10-04 10:02:17,018:INFO:Calculating mean and std
2023-10-04 10:02:17,018:INFO:Creating metrics dataframe
2023-10-04 10:02:17,018:INFO:Uploading results into container
2023-10-04 10:02:17,018:INFO:Uploading model into container now
2023-10-04 10:02:17,032:INFO:_master_model_container: 3
2023-10-04 10:02:17,033:INFO:_display_container: 2
2023-10-04 10:02:17,033:INFO:GaussianNB(priors=None, var_smoothing=1e-09)
2023-10-04 10:02:17,033:INFO:create_model() successfully completed......................................
2023-10-04 10:02:17,373:INFO:SubProcess create_model() end ==================================
2023-10-04 10:02:17,389:INFO:Creating metrics dataframe
2023-10-04 10:02:17,405:INFO:Initializing Decision Tree Classifier
2023-10-04 10:02:17,405:INFO:Total runtime is 0.14611579577128092 minutes
2023-10-04 10:02:17,424:INFO:SubProcess create_model() called ==================================
2023-10-04 10:02:17,424:INFO:Initializing create_model()
2023-10-04 10:02:17,429:INFO:create_model(self=<pycaret.classification.oop.ClassificationExperiment object at 0x00000187799DBE20>, estimator=dt, fold=StratifiedKFold(n_splits=5, random_state=None, shuffle=False), round=4, cross_validation=True, predict=True, fit_kwargs={}, groups=None, refit=False, probability_threshold=None, experiment_custom_tags=None, verbose=False, system=False, add_to_model_list=True, metrics=None, display=<pycaret.internal.display.display.CommonDisplay object at 0x000001877B3CFA30>, model_only=True, return_train_score=False, kwargs={})
2023-10-04 10:02:17,429:INFO:Checking exceptions
2023-10-04 10:02:17,429:INFO:Importing libraries
2023-10-04 10:02:17,429:INFO:Copying training dataset
2023-10-04 10:02:17,440:INFO:Defining folds
2023-10-04 10:02:17,441:INFO:Declaring metric variables
2023-10-04 10:02:17,451:INFO:Importing untrained model
2023-10-04 10:02:17,461:INFO:Decision Tree Classifier Imported successfully
2023-10-04 10:02:17,477:INFO:Starting cross validation
2023-10-04 10:02:17,482:INFO:Cross validating with StratifiedKFold(n_splits=5, random_state=None, shuffle=False), n_jobs=-1
2023-10-04 10:02:17,733:INFO:Calculating mean and std
2023-10-04 10:02:17,734:INFO:Creating metrics dataframe
2023-10-04 10:02:17,747:INFO:Uploading results into container
2023-10-04 10:02:17,749:INFO:Uploading model into container now
2023-10-04 10:02:17,750:INFO:_master_model_container: 4
2023-10-04 10:02:17,750:INFO:_display_container: 2
2023-10-04 10:02:17,751:INFO:DecisionTreeClassifier(ccp_alpha=0.0, class_weight=None, criterion='gini',
                       max_depth=None, max_features=None, max_leaf_nodes=None,
                       min_impurity_decrease=0.0, min_samples_leaf=1,
                       min_samples_split=2, min_weight_fraction_leaf=0.0,
                       random_state=1650, splitter='best')
2023-10-04 10:02:17,752:INFO:create_model() successfully completed......................................
2023-10-04 10:02:18,115:INFO:SubProcess create_model() end ==================================
2023-10-04 10:02:18,116:INFO:Creating metrics dataframe
2023-10-04 10:02:18,147:INFO:Initializing SVM - Linear Kernel
2023-10-04 10:02:18,147:INFO:Total runtime is 0.15847902695337932 minutes
2023-10-04 10:02:18,157:INFO:SubProcess create_model() called ==================================
2023-10-04 10:02:18,158:INFO:Initializing create_model()
2023-10-04 10:02:18,158:INFO:create_model(self=<pycaret.classification.oop.ClassificationExperiment object at 0x00000187799DBE20>, estimator=svm, fold=StratifiedKFold(n_splits=5, random_state=None, shuffle=False), round=4, cross_validation=True, predict=True, fit_kwargs={}, groups=None, refit=False, probability_threshold=None, experiment_custom_tags=None, verbose=False, system=False, add_to_model_list=True, metrics=None, display=<pycaret.internal.display.display.CommonDisplay object at 0x000001877B3CFA30>, model_only=True, return_train_score=False, kwargs={})
2023-10-04 10:02:18,158:INFO:Checking exceptions
2023-10-04 10:02:18,158:INFO:Importing libraries
2023-10-04 10:02:18,158:INFO:Copying training dataset
2023-10-04 10:02:18,171:INFO:Defining folds
2023-10-04 10:02:18,171:INFO:Declaring metric variables
2023-10-04 10:02:18,179:INFO:Importing untrained model
2023-10-04 10:02:18,190:INFO:SVM - Linear Kernel Imported successfully
2023-10-04 10:02:18,215:INFO:Starting cross validation
2023-10-04 10:02:18,219:INFO:Cross validating with StratifiedKFold(n_splits=5, random_state=None, shuffle=False), n_jobs=-1
2023-10-04 10:02:18,322:WARNING:C:\Users\sandr\anaconda3\lib\site-packages\pycaret\internal\metrics.py:190: FitFailedWarning: Metric 'make_scorer(roc_auc_score, needs_proba=True, error_score=0.0, average=weighted, multi_class=ovr)' failed and error score 0.0 has been returned instead. If this is a custom metric, this usually means that the error is in the metric code. Full exception below:
Traceback (most recent call last):
  File "C:\Users\sandr\anaconda3\lib\site-packages\sklearn\metrics\_scorer.py", line 76, in _cached_call
    return cache[method]
KeyError: 'predict_proba'

During handling of the above exception, another exception occurred:

Traceback (most recent call last):
  File "C:\Users\sandr\anaconda3\lib\site-packages\pycaret\internal\metrics.py", line 182, in _score
    return super()._score(
  File "C:\Users\sandr\anaconda3\lib\site-packages\sklearn\metrics\_scorer.py", line 316, in _score
    y_pred = method_caller(clf, "predict_proba", X)
  File "C:\Users\sandr\anaconda3\lib\site-packages\sklearn\metrics\_scorer.py", line 78, in _cached_call
    result = getattr(estimator, method)(*args, **kwargs)
  File "C:\Users\sandr\anaconda3\lib\site-packages\sklearn\utils\_available_if.py", line 32, in __get__
    if not self.check(obj):
  File "C:\Users\sandr\anaconda3\lib\site-packages\sklearn\linear_model\_stochastic_gradient.py", line 1236, in _check_proba
    raise AttributeError(
AttributeError: probability estimates are not available for loss='hinge'

  warnings.warn(

2023-10-04 10:02:18,322:WARNING:C:\Users\sandr\anaconda3\lib\site-packages\pycaret\internal\metrics.py:190: FitFailedWarning: Metric 'make_scorer(roc_auc_score, needs_proba=True, error_score=0.0, average=weighted, multi_class=ovr)' failed and error score 0.0 has been returned instead. If this is a custom metric, this usually means that the error is in the metric code. Full exception below:
Traceback (most recent call last):
  File "C:\Users\sandr\anaconda3\lib\site-packages\sklearn\metrics\_scorer.py", line 76, in _cached_call
    return cache[method]
KeyError: 'predict_proba'

During handling of the above exception, another exception occurred:

Traceback (most recent call last):
  File "C:\Users\sandr\anaconda3\lib\site-packages\pycaret\internal\metrics.py", line 182, in _score
    return super()._score(
  File "C:\Users\sandr\anaconda3\lib\site-packages\sklearn\metrics\_scorer.py", line 316, in _score
    y_pred = method_caller(clf, "predict_proba", X)
  File "C:\Users\sandr\anaconda3\lib\site-packages\sklearn\metrics\_scorer.py", line 78, in _cached_call
    result = getattr(estimator, method)(*args, **kwargs)
  File "C:\Users\sandr\anaconda3\lib\site-packages\sklearn\utils\_available_if.py", line 32, in __get__
    if not self.check(obj):
  File "C:\Users\sandr\anaconda3\lib\site-packages\sklearn\linear_model\_stochastic_gradient.py", line 1236, in _check_proba
    raise AttributeError(
AttributeError: probability estimates are not available for loss='hinge'

  warnings.warn(

2023-10-04 10:02:18,322:WARNING:C:\Users\sandr\anaconda3\lib\site-packages\pycaret\internal\metrics.py:190: FitFailedWarning: Metric 'make_scorer(roc_auc_score, needs_proba=True, error_score=0.0, average=weighted, multi_class=ovr)' failed and error score 0.0 has been returned instead. If this is a custom metric, this usually means that the error is in the metric code. Full exception below:
Traceback (most recent call last):
  File "C:\Users\sandr\anaconda3\lib\site-packages\sklearn\metrics\_scorer.py", line 76, in _cached_call
    return cache[method]
KeyError: 'predict_proba'

During handling of the above exception, another exception occurred:

Traceback (most recent call last):
  File "C:\Users\sandr\anaconda3\lib\site-packages\pycaret\internal\metrics.py", line 182, in _score
    return super()._score(
  File "C:\Users\sandr\anaconda3\lib\site-packages\sklearn\metrics\_scorer.py", line 316, in _score
    y_pred = method_caller(clf, "predict_proba", X)
  File "C:\Users\sandr\anaconda3\lib\site-packages\sklearn\metrics\_scorer.py", line 78, in _cached_call
    result = getattr(estimator, method)(*args, **kwargs)
  File "C:\Users\sandr\anaconda3\lib\site-packages\sklearn\utils\_available_if.py", line 32, in __get__
    if not self.check(obj):
  File "C:\Users\sandr\anaconda3\lib\site-packages\sklearn\linear_model\_stochastic_gradient.py", line 1236, in _check_proba
    raise AttributeError(
AttributeError: probability estimates are not available for loss='hinge'

  warnings.warn(

2023-10-04 10:02:18,322:WARNING:C:\Users\sandr\anaconda3\lib\site-packages\pycaret\internal\metrics.py:190: FitFailedWarning: Metric 'make_scorer(roc_auc_score, needs_proba=True, error_score=0.0, average=weighted, multi_class=ovr)' failed and error score 0.0 has been returned instead. If this is a custom metric, this usually means that the error is in the metric code. Full exception below:
Traceback (most recent call last):
  File "C:\Users\sandr\anaconda3\lib\site-packages\sklearn\metrics\_scorer.py", line 76, in _cached_call
    return cache[method]
KeyError: 'predict_proba'

During handling of the above exception, another exception occurred:

Traceback (most recent call last):
  File "C:\Users\sandr\anaconda3\lib\site-packages\pycaret\internal\metrics.py", line 182, in _score
    return super()._score(
  File "C:\Users\sandr\anaconda3\lib\site-packages\sklearn\metrics\_scorer.py", line 316, in _score
    y_pred = method_caller(clf, "predict_proba", X)
  File "C:\Users\sandr\anaconda3\lib\site-packages\sklearn\metrics\_scorer.py", line 78, in _cached_call
    result = getattr(estimator, method)(*args, **kwargs)
  File "C:\Users\sandr\anaconda3\lib\site-packages\sklearn\utils\_available_if.py", line 32, in __get__
    if not self.check(obj):
  File "C:\Users\sandr\anaconda3\lib\site-packages\sklearn\linear_model\_stochastic_gradient.py", line 1236, in _check_proba
    raise AttributeError(
AttributeError: probability estimates are not available for loss='hinge'

  warnings.warn(

2023-10-04 10:02:18,322:WARNING:C:\Users\sandr\anaconda3\lib\site-packages\sklearn\metrics\_classification.py:1344: UndefinedMetricWarning: Precision is ill-defined and being set to 0.0 due to no predicted samples. Use `zero_division` parameter to control this behavior.
  _warn_prf(average, modifier, msg_start, len(result))

2023-10-04 10:02:18,343:WARNING:C:\Users\sandr\anaconda3\lib\site-packages\sklearn\metrics\_classification.py:1344: UndefinedMetricWarning: Precision is ill-defined and being set to 0.0 due to no predicted samples. Use `zero_division` parameter to control this behavior.
  _warn_prf(average, modifier, msg_start, len(result))

2023-10-04 10:02:18,387:WARNING:C:\Users\sandr\anaconda3\lib\site-packages\pycaret\internal\metrics.py:190: FitFailedWarning: Metric 'make_scorer(roc_auc_score, needs_proba=True, error_score=0.0, average=weighted, multi_class=ovr)' failed and error score 0.0 has been returned instead. If this is a custom metric, this usually means that the error is in the metric code. Full exception below:
Traceback (most recent call last):
  File "C:\Users\sandr\anaconda3\lib\site-packages\sklearn\metrics\_scorer.py", line 76, in _cached_call
    return cache[method]
KeyError: 'predict_proba'

During handling of the above exception, another exception occurred:

Traceback (most recent call last):
  File "C:\Users\sandr\anaconda3\lib\site-packages\pycaret\internal\metrics.py", line 182, in _score
    return super()._score(
  File "C:\Users\sandr\anaconda3\lib\site-packages\sklearn\metrics\_scorer.py", line 316, in _score
    y_pred = method_caller(clf, "predict_proba", X)
  File "C:\Users\sandr\anaconda3\lib\site-packages\sklearn\metrics\_scorer.py", line 78, in _cached_call
    result = getattr(estimator, method)(*args, **kwargs)
  File "C:\Users\sandr\anaconda3\lib\site-packages\sklearn\utils\_available_if.py", line 32, in __get__
    if not self.check(obj):
  File "C:\Users\sandr\anaconda3\lib\site-packages\sklearn\linear_model\_stochastic_gradient.py", line 1236, in _check_proba
    raise AttributeError(
AttributeError: probability estimates are not available for loss='hinge'

  warnings.warn(

2023-10-04 10:02:18,418:INFO:Calculating mean and std
2023-10-04 10:02:18,418:INFO:Creating metrics dataframe
2023-10-04 10:02:18,430:INFO:Uploading results into container
2023-10-04 10:02:18,430:INFO:Uploading model into container now
2023-10-04 10:02:18,430:INFO:_master_model_container: 5
2023-10-04 10:02:18,430:INFO:_display_container: 2
2023-10-04 10:02:18,430:INFO:SGDClassifier(alpha=0.0001, average=False, class_weight=None,
              early_stopping=False, epsilon=0.1, eta0=0.001, fit_intercept=True,
              l1_ratio=0.15, learning_rate='optimal', loss='hinge',
              max_iter=1000, n_iter_no_change=5, n_jobs=-1, penalty='l2',
              power_t=0.5, random_state=1650, shuffle=True, tol=0.001,
              validation_fraction=0.1, verbose=0, warm_start=False)
2023-10-04 10:02:18,436:INFO:create_model() successfully completed......................................
2023-10-04 10:02:18,789:INFO:SubProcess create_model() end ==================================
2023-10-04 10:02:18,789:INFO:Creating metrics dataframe
2023-10-04 10:02:18,820:INFO:Initializing Ridge Classifier
2023-10-04 10:02:18,820:INFO:Total runtime is 0.1697104573249817 minutes
2023-10-04 10:02:18,837:INFO:SubProcess create_model() called ==================================
2023-10-04 10:02:18,837:INFO:Initializing create_model()
2023-10-04 10:02:18,837:INFO:create_model(self=<pycaret.classification.oop.ClassificationExperiment object at 0x00000187799DBE20>, estimator=ridge, fold=StratifiedKFold(n_splits=5, random_state=None, shuffle=False), round=4, cross_validation=True, predict=True, fit_kwargs={}, groups=None, refit=False, probability_threshold=None, experiment_custom_tags=None, verbose=False, system=False, add_to_model_list=True, metrics=None, display=<pycaret.internal.display.display.CommonDisplay object at 0x000001877B3CFA30>, model_only=True, return_train_score=False, kwargs={})
2023-10-04 10:02:18,837:INFO:Checking exceptions
2023-10-04 10:02:18,837:INFO:Importing libraries
2023-10-04 10:02:18,837:INFO:Copying training dataset
2023-10-04 10:02:18,850:INFO:Defining folds
2023-10-04 10:02:18,852:INFO:Declaring metric variables
2023-10-04 10:02:18,862:INFO:Importing untrained model
2023-10-04 10:02:18,866:INFO:Ridge Classifier Imported successfully
2023-10-04 10:02:18,887:INFO:Starting cross validation
2023-10-04 10:02:18,887:INFO:Cross validating with StratifiedKFold(n_splits=5, random_state=None, shuffle=False), n_jobs=-1
2023-10-04 10:02:18,981:WARNING:C:\Users\sandr\anaconda3\lib\site-packages\pycaret\internal\metrics.py:190: FitFailedWarning: Metric 'make_scorer(roc_auc_score, needs_proba=True, error_score=0.0, average=weighted, multi_class=ovr)' failed and error score 0.0 has been returned instead. If this is a custom metric, this usually means that the error is in the metric code. Full exception below:
Traceback (most recent call last):
  File "C:\Users\sandr\anaconda3\lib\site-packages\sklearn\metrics\_scorer.py", line 76, in _cached_call
    return cache[method]
KeyError: 'predict_proba'

During handling of the above exception, another exception occurred:

Traceback (most recent call last):
  File "C:\Users\sandr\anaconda3\lib\site-packages\pycaret\internal\metrics.py", line 182, in _score
    return super()._score(
  File "C:\Users\sandr\anaconda3\lib\site-packages\sklearn\metrics\_scorer.py", line 316, in _score
    y_pred = method_caller(clf, "predict_proba", X)
  File "C:\Users\sandr\anaconda3\lib\site-packages\sklearn\metrics\_scorer.py", line 78, in _cached_call
    result = getattr(estimator, method)(*args, **kwargs)
AttributeError: 'RidgeClassifier' object has no attribute 'predict_proba'

  warnings.warn(

2023-10-04 10:02:18,988:WARNING:C:\Users\sandr\anaconda3\lib\site-packages\pycaret\internal\metrics.py:190: FitFailedWarning: Metric 'make_scorer(roc_auc_score, needs_proba=True, error_score=0.0, average=weighted, multi_class=ovr)' failed and error score 0.0 has been returned instead. If this is a custom metric, this usually means that the error is in the metric code. Full exception below:
Traceback (most recent call last):
  File "C:\Users\sandr\anaconda3\lib\site-packages\sklearn\metrics\_scorer.py", line 76, in _cached_call
    return cache[method]
KeyError: 'predict_proba'

During handling of the above exception, another exception occurred:

Traceback (most recent call last):
  File "C:\Users\sandr\anaconda3\lib\site-packages\pycaret\internal\metrics.py", line 182, in _score
    return super()._score(
  File "C:\Users\sandr\anaconda3\lib\site-packages\sklearn\metrics\_scorer.py", line 316, in _score
    y_pred = method_caller(clf, "predict_proba", X)
  File "C:\Users\sandr\anaconda3\lib\site-packages\sklearn\metrics\_scorer.py", line 78, in _cached_call
    result = getattr(estimator, method)(*args, **kwargs)
AttributeError: 'RidgeClassifier' object has no attribute 'predict_proba'

  warnings.warn(

2023-10-04 10:02:18,991:WARNING:C:\Users\sandr\anaconda3\lib\site-packages\pycaret\internal\metrics.py:190: FitFailedWarning: Metric 'make_scorer(roc_auc_score, needs_proba=True, error_score=0.0, average=weighted, multi_class=ovr)' failed and error score 0.0 has been returned instead. If this is a custom metric, this usually means that the error is in the metric code. Full exception below:
Traceback (most recent call last):
  File "C:\Users\sandr\anaconda3\lib\site-packages\sklearn\metrics\_scorer.py", line 76, in _cached_call
    return cache[method]
KeyError: 'predict_proba'

During handling of the above exception, another exception occurred:

Traceback (most recent call last):
  File "C:\Users\sandr\anaconda3\lib\site-packages\pycaret\internal\metrics.py", line 182, in _score
    return super()._score(
  File "C:\Users\sandr\anaconda3\lib\site-packages\sklearn\metrics\_scorer.py", line 316, in _score
    y_pred = method_caller(clf, "predict_proba", X)
  File "C:\Users\sandr\anaconda3\lib\site-packages\sklearn\metrics\_scorer.py", line 78, in _cached_call
    result = getattr(estimator, method)(*args, **kwargs)
AttributeError: 'RidgeClassifier' object has no attribute 'predict_proba'

  warnings.warn(

2023-10-04 10:02:19,012:WARNING:C:\Users\sandr\anaconda3\lib\site-packages\pycaret\internal\metrics.py:190: FitFailedWarning: Metric 'make_scorer(roc_auc_score, needs_proba=True, error_score=0.0, average=weighted, multi_class=ovr)' failed and error score 0.0 has been returned instead. If this is a custom metric, this usually means that the error is in the metric code. Full exception below:
Traceback (most recent call last):
  File "C:\Users\sandr\anaconda3\lib\site-packages\sklearn\metrics\_scorer.py", line 76, in _cached_call
    return cache[method]
KeyError: 'predict_proba'

During handling of the above exception, another exception occurred:

Traceback (most recent call last):
  File "C:\Users\sandr\anaconda3\lib\site-packages\pycaret\internal\metrics.py", line 182, in _score
    return super()._score(
  File "C:\Users\sandr\anaconda3\lib\site-packages\sklearn\metrics\_scorer.py", line 316, in _score
    y_pred = method_caller(clf, "predict_proba", X)
  File "C:\Users\sandr\anaconda3\lib\site-packages\sklearn\metrics\_scorer.py", line 78, in _cached_call
    result = getattr(estimator, method)(*args, **kwargs)
AttributeError: 'RidgeClassifier' object has no attribute 'predict_proba'

  warnings.warn(

2023-10-04 10:02:19,055:WARNING:C:\Users\sandr\anaconda3\lib\site-packages\pycaret\internal\metrics.py:190: FitFailedWarning: Metric 'make_scorer(roc_auc_score, needs_proba=True, error_score=0.0, average=weighted, multi_class=ovr)' failed and error score 0.0 has been returned instead. If this is a custom metric, this usually means that the error is in the metric code. Full exception below:
Traceback (most recent call last):
  File "C:\Users\sandr\anaconda3\lib\site-packages\sklearn\metrics\_scorer.py", line 76, in _cached_call
    return cache[method]
KeyError: 'predict_proba'

During handling of the above exception, another exception occurred:

Traceback (most recent call last):
  File "C:\Users\sandr\anaconda3\lib\site-packages\pycaret\internal\metrics.py", line 182, in _score
    return super()._score(
  File "C:\Users\sandr\anaconda3\lib\site-packages\sklearn\metrics\_scorer.py", line 316, in _score
    y_pred = method_caller(clf, "predict_proba", X)
  File "C:\Users\sandr\anaconda3\lib\site-packages\sklearn\metrics\_scorer.py", line 78, in _cached_call
    result = getattr(estimator, method)(*args, **kwargs)
AttributeError: 'RidgeClassifier' object has no attribute 'predict_proba'

  warnings.warn(

2023-10-04 10:02:19,079:INFO:Calculating mean and std
2023-10-04 10:02:19,082:INFO:Creating metrics dataframe
2023-10-04 10:02:19,092:INFO:Uploading results into container
2023-10-04 10:02:19,094:INFO:Uploading model into container now
2023-10-04 10:02:19,095:INFO:_master_model_container: 6
2023-10-04 10:02:19,095:INFO:_display_container: 2
2023-10-04 10:02:19,097:INFO:RidgeClassifier(alpha=1.0, class_weight=None, copy_X=True, fit_intercept=True,
                max_iter=None, positive=False, random_state=1650, solver='auto',
                tol=0.0001)
2023-10-04 10:02:19,097:INFO:create_model() successfully completed......................................
2023-10-04 10:02:19,418:INFO:SubProcess create_model() end ==================================
2023-10-04 10:02:19,418:INFO:Creating metrics dataframe
2023-10-04 10:02:19,459:INFO:Initializing Random Forest Classifier
2023-10-04 10:02:19,460:INFO:Total runtime is 0.18036819299062093 minutes
2023-10-04 10:02:19,464:INFO:SubProcess create_model() called ==================================
2023-10-04 10:02:19,464:INFO:Initializing create_model()
2023-10-04 10:02:19,464:INFO:create_model(self=<pycaret.classification.oop.ClassificationExperiment object at 0x00000187799DBE20>, estimator=rf, fold=StratifiedKFold(n_splits=5, random_state=None, shuffle=False), round=4, cross_validation=True, predict=True, fit_kwargs={}, groups=None, refit=False, probability_threshold=None, experiment_custom_tags=None, verbose=False, system=False, add_to_model_list=True, metrics=None, display=<pycaret.internal.display.display.CommonDisplay object at 0x000001877B3CFA30>, model_only=True, return_train_score=False, kwargs={})
2023-10-04 10:02:19,464:INFO:Checking exceptions
2023-10-04 10:02:19,464:INFO:Importing libraries
2023-10-04 10:02:19,464:INFO:Copying training dataset
2023-10-04 10:02:19,484:INFO:Defining folds
2023-10-04 10:02:19,484:INFO:Declaring metric variables
2023-10-04 10:02:19,494:INFO:Importing untrained model
2023-10-04 10:02:19,500:INFO:Random Forest Classifier Imported successfully
2023-10-04 10:02:19,524:INFO:Starting cross validation
2023-10-04 10:02:19,528:INFO:Cross validating with StratifiedKFold(n_splits=5, random_state=None, shuffle=False), n_jobs=-1
2023-10-04 10:02:21,006:INFO:Calculating mean and std
2023-10-04 10:02:21,006:INFO:Creating metrics dataframe
2023-10-04 10:02:21,017:INFO:Uploading results into container
2023-10-04 10:02:21,017:INFO:Uploading model into container now
2023-10-04 10:02:21,017:INFO:_master_model_container: 7
2023-10-04 10:02:21,017:INFO:_display_container: 2
2023-10-04 10:02:21,023:INFO:RandomForestClassifier(bootstrap=True, ccp_alpha=0.0, class_weight=None,
                       criterion='gini', max_depth=None, max_features='sqrt',
                       max_leaf_nodes=None, max_samples=None,
                       min_impurity_decrease=0.0, min_samples_leaf=1,
                       min_samples_split=2, min_weight_fraction_leaf=0.0,
                       n_estimators=100, n_jobs=-1, oob_score=False,
                       random_state=1650, verbose=0, warm_start=False)
2023-10-04 10:02:21,023:INFO:create_model() successfully completed......................................
2023-10-04 10:02:21,340:INFO:SubProcess create_model() end ==================================
2023-10-04 10:02:21,340:INFO:Creating metrics dataframe
2023-10-04 10:02:21,390:INFO:Initializing Quadratic Discriminant Analysis
2023-10-04 10:02:21,390:INFO:Total runtime is 0.2125429630279541 minutes
2023-10-04 10:02:21,400:INFO:SubProcess create_model() called ==================================
2023-10-04 10:02:21,400:INFO:Initializing create_model()
2023-10-04 10:02:21,400:INFO:create_model(self=<pycaret.classification.oop.ClassificationExperiment object at 0x00000187799DBE20>, estimator=qda, fold=StratifiedKFold(n_splits=5, random_state=None, shuffle=False), round=4, cross_validation=True, predict=True, fit_kwargs={}, groups=None, refit=False, probability_threshold=None, experiment_custom_tags=None, verbose=False, system=False, add_to_model_list=True, metrics=None, display=<pycaret.internal.display.display.CommonDisplay object at 0x000001877B3CFA30>, model_only=True, return_train_score=False, kwargs={})
2023-10-04 10:02:21,400:INFO:Checking exceptions
2023-10-04 10:02:21,400:INFO:Importing libraries
2023-10-04 10:02:21,402:INFO:Copying training dataset
2023-10-04 10:02:21,409:INFO:Defining folds
2023-10-04 10:02:21,409:INFO:Declaring metric variables
2023-10-04 10:02:21,424:INFO:Importing untrained model
2023-10-04 10:02:21,430:INFO:Quadratic Discriminant Analysis Imported successfully
2023-10-04 10:02:21,442:INFO:Starting cross validation
2023-10-04 10:02:21,451:INFO:Cross validating with StratifiedKFold(n_splits=5, random_state=None, shuffle=False), n_jobs=-1
2023-10-04 10:02:21,689:INFO:Calculating mean and std
2023-10-04 10:02:21,689:INFO:Creating metrics dataframe
2023-10-04 10:02:21,702:INFO:Uploading results into container
2023-10-04 10:02:21,702:INFO:Uploading model into container now
2023-10-04 10:02:21,706:INFO:_master_model_container: 8
2023-10-04 10:02:21,706:INFO:_display_container: 2
2023-10-04 10:02:21,708:INFO:QuadraticDiscriminantAnalysis(priors=None, reg_param=0.0,
                              store_covariance=False, tol=0.0001)
2023-10-04 10:02:21,708:INFO:create_model() successfully completed......................................
2023-10-04 10:02:22,059:INFO:SubProcess create_model() end ==================================
2023-10-04 10:02:22,059:INFO:Creating metrics dataframe
2023-10-04 10:02:22,090:INFO:Initializing Ada Boost Classifier
2023-10-04 10:02:22,090:INFO:Total runtime is 0.22419993082682294 minutes
2023-10-04 10:02:22,106:INFO:SubProcess create_model() called ==================================
2023-10-04 10:02:22,106:INFO:Initializing create_model()
2023-10-04 10:02:22,106:INFO:create_model(self=<pycaret.classification.oop.ClassificationExperiment object at 0x00000187799DBE20>, estimator=ada, fold=StratifiedKFold(n_splits=5, random_state=None, shuffle=False), round=4, cross_validation=True, predict=True, fit_kwargs={}, groups=None, refit=False, probability_threshold=None, experiment_custom_tags=None, verbose=False, system=False, add_to_model_list=True, metrics=None, display=<pycaret.internal.display.display.CommonDisplay object at 0x000001877B3CFA30>, model_only=True, return_train_score=False, kwargs={})
2023-10-04 10:02:22,106:INFO:Checking exceptions
2023-10-04 10:02:22,106:INFO:Importing libraries
2023-10-04 10:02:22,106:INFO:Copying training dataset
2023-10-04 10:02:22,114:INFO:Defining folds
2023-10-04 10:02:22,114:INFO:Declaring metric variables
2023-10-04 10:02:22,124:INFO:Importing untrained model
2023-10-04 10:02:22,133:INFO:Ada Boost Classifier Imported successfully
2023-10-04 10:02:22,152:INFO:Starting cross validation
2023-10-04 10:02:22,154:INFO:Cross validating with StratifiedKFold(n_splits=5, random_state=None, shuffle=False), n_jobs=-1
2023-10-04 10:02:22,952:INFO:Calculating mean and std
2023-10-04 10:02:22,952:INFO:Creating metrics dataframe
2023-10-04 10:02:22,952:INFO:Uploading results into container
2023-10-04 10:02:22,952:INFO:Uploading model into container now
2023-10-04 10:02:22,952:INFO:_master_model_container: 9
2023-10-04 10:02:22,952:INFO:_display_container: 2
2023-10-04 10:02:22,952:INFO:AdaBoostClassifier(algorithm='SAMME.R', base_estimator='deprecated',
                   estimator=None, learning_rate=1.0, n_estimators=50,
                   random_state=1650)
2023-10-04 10:02:22,968:INFO:create_model() successfully completed......................................
2023-10-04 10:02:23,306:INFO:SubProcess create_model() end ==================================
2023-10-04 10:02:23,306:INFO:Creating metrics dataframe
2023-10-04 10:02:23,331:INFO:Initializing Gradient Boosting Classifier
2023-10-04 10:02:23,331:INFO:Total runtime is 0.2448935429255168 minutes
2023-10-04 10:02:23,331:INFO:SubProcess create_model() called ==================================
2023-10-04 10:02:23,338:INFO:Initializing create_model()
2023-10-04 10:02:23,339:INFO:create_model(self=<pycaret.classification.oop.ClassificationExperiment object at 0x00000187799DBE20>, estimator=gbc, fold=StratifiedKFold(n_splits=5, random_state=None, shuffle=False), round=4, cross_validation=True, predict=True, fit_kwargs={}, groups=None, refit=False, probability_threshold=None, experiment_custom_tags=None, verbose=False, system=False, add_to_model_list=True, metrics=None, display=<pycaret.internal.display.display.CommonDisplay object at 0x000001877B3CFA30>, model_only=True, return_train_score=False, kwargs={})
2023-10-04 10:02:23,339:INFO:Checking exceptions
2023-10-04 10:02:23,339:INFO:Importing libraries
2023-10-04 10:02:23,339:INFO:Copying training dataset
2023-10-04 10:02:23,354:INFO:Defining folds
2023-10-04 10:02:23,354:INFO:Declaring metric variables
2023-10-04 10:02:23,358:INFO:Importing untrained model
2023-10-04 10:02:23,371:INFO:Gradient Boosting Classifier Imported successfully
2023-10-04 10:02:23,386:INFO:Starting cross validation
2023-10-04 10:02:23,387:INFO:Cross validating with StratifiedKFold(n_splits=5, random_state=None, shuffle=False), n_jobs=-1
2023-10-04 10:02:24,302:INFO:Calculating mean and std
2023-10-04 10:02:24,304:INFO:Creating metrics dataframe
2023-10-04 10:02:24,314:INFO:Uploading results into container
2023-10-04 10:02:24,315:INFO:Uploading model into container now
2023-10-04 10:02:24,316:INFO:_master_model_container: 10
2023-10-04 10:02:24,316:INFO:_display_container: 2
2023-10-04 10:02:24,317:INFO:GradientBoostingClassifier(ccp_alpha=0.0, criterion='friedman_mse', init=None,
                           learning_rate=0.1, loss='log_loss', max_depth=3,
                           max_features=None, max_leaf_nodes=None,
                           min_impurity_decrease=0.0, min_samples_leaf=1,
                           min_samples_split=2, min_weight_fraction_leaf=0.0,
                           n_estimators=100, n_iter_no_change=None,
                           random_state=1650, subsample=1.0, tol=0.0001,
                           validation_fraction=0.1, verbose=0,
                           warm_start=False)
2023-10-04 10:02:24,317:INFO:create_model() successfully completed......................................
2023-10-04 10:02:24,676:INFO:SubProcess create_model() end ==================================
2023-10-04 10:02:24,677:INFO:Creating metrics dataframe
2023-10-04 10:02:24,712:INFO:Initializing Linear Discriminant Analysis
2023-10-04 10:02:24,713:INFO:Total runtime is 0.2679133296012879 minutes
2023-10-04 10:02:24,719:INFO:SubProcess create_model() called ==================================
2023-10-04 10:02:24,722:INFO:Initializing create_model()
2023-10-04 10:02:24,722:INFO:create_model(self=<pycaret.classification.oop.ClassificationExperiment object at 0x00000187799DBE20>, estimator=lda, fold=StratifiedKFold(n_splits=5, random_state=None, shuffle=False), round=4, cross_validation=True, predict=True, fit_kwargs={}, groups=None, refit=False, probability_threshold=None, experiment_custom_tags=None, verbose=False, system=False, add_to_model_list=True, metrics=None, display=<pycaret.internal.display.display.CommonDisplay object at 0x000001877B3CFA30>, model_only=True, return_train_score=False, kwargs={})
2023-10-04 10:02:24,722:INFO:Checking exceptions
2023-10-04 10:02:24,722:INFO:Importing libraries
2023-10-04 10:02:24,722:INFO:Copying training dataset
2023-10-04 10:02:24,731:INFO:Defining folds
2023-10-04 10:02:24,732:INFO:Declaring metric variables
2023-10-04 10:02:24,743:INFO:Importing untrained model
2023-10-04 10:02:24,750:INFO:Linear Discriminant Analysis Imported successfully
2023-10-04 10:02:24,765:INFO:Starting cross validation
2023-10-04 10:02:24,767:INFO:Cross validating with StratifiedKFold(n_splits=5, random_state=None, shuffle=False), n_jobs=-1
2023-10-04 10:02:24,967:INFO:Calculating mean and std
2023-10-04 10:02:24,967:INFO:Creating metrics dataframe
2023-10-04 10:02:24,978:INFO:Uploading results into container
2023-10-04 10:02:24,978:INFO:Uploading model into container now
2023-10-04 10:02:24,978:INFO:_master_model_container: 11
2023-10-04 10:02:24,978:INFO:_display_container: 2
2023-10-04 10:02:24,978:INFO:LinearDiscriminantAnalysis(covariance_estimator=None, n_components=None,
                           priors=None, shrinkage=None, solver='svd',
                           store_covariance=False, tol=0.0001)
2023-10-04 10:02:24,978:INFO:create_model() successfully completed......................................
2023-10-04 10:02:25,290:INFO:SubProcess create_model() end ==================================
2023-10-04 10:02:25,290:INFO:Creating metrics dataframe
2023-10-04 10:02:25,337:INFO:Initializing Extra Trees Classifier
2023-10-04 10:02:25,346:INFO:Total runtime is 0.27847499847412116 minutes
2023-10-04 10:02:25,354:INFO:SubProcess create_model() called ==================================
2023-10-04 10:02:25,354:INFO:Initializing create_model()
2023-10-04 10:02:25,355:INFO:create_model(self=<pycaret.classification.oop.ClassificationExperiment object at 0x00000187799DBE20>, estimator=et, fold=StratifiedKFold(n_splits=5, random_state=None, shuffle=False), round=4, cross_validation=True, predict=True, fit_kwargs={}, groups=None, refit=False, probability_threshold=None, experiment_custom_tags=None, verbose=False, system=False, add_to_model_list=True, metrics=None, display=<pycaret.internal.display.display.CommonDisplay object at 0x000001877B3CFA30>, model_only=True, return_train_score=False, kwargs={})
2023-10-04 10:02:25,355:INFO:Checking exceptions
2023-10-04 10:02:25,356:INFO:Importing libraries
2023-10-04 10:02:25,356:INFO:Copying training dataset
2023-10-04 10:02:25,365:INFO:Defining folds
2023-10-04 10:02:25,365:INFO:Declaring metric variables
2023-10-04 10:02:25,377:INFO:Importing untrained model
2023-10-04 10:02:25,389:INFO:Extra Trees Classifier Imported successfully
2023-10-04 10:02:25,408:INFO:Starting cross validation
2023-10-04 10:02:25,411:INFO:Cross validating with StratifiedKFold(n_splits=5, random_state=None, shuffle=False), n_jobs=-1
2023-10-04 10:02:26,672:INFO:Calculating mean and std
2023-10-04 10:02:26,672:INFO:Creating metrics dataframe
2023-10-04 10:02:26,672:INFO:Uploading results into container
2023-10-04 10:02:26,672:INFO:Uploading model into container now
2023-10-04 10:02:26,672:INFO:_master_model_container: 12
2023-10-04 10:02:26,672:INFO:_display_container: 2
2023-10-04 10:02:26,672:INFO:ExtraTreesClassifier(bootstrap=False, ccp_alpha=0.0, class_weight=None,
                     criterion='gini', max_depth=None, max_features='sqrt',
                     max_leaf_nodes=None, max_samples=None,
                     min_impurity_decrease=0.0, min_samples_leaf=1,
                     min_samples_split=2, min_weight_fraction_leaf=0.0,
                     n_estimators=100, n_jobs=-1, oob_score=False,
                     random_state=1650, verbose=0, warm_start=False)
2023-10-04 10:02:26,672:INFO:create_model() successfully completed......................................
2023-10-04 10:02:27,006:INFO:SubProcess create_model() end ==================================
2023-10-04 10:02:27,006:INFO:Creating metrics dataframe
2023-10-04 10:02:27,025:INFO:Initializing Extreme Gradient Boosting
2023-10-04 10:02:27,025:INFO:Total runtime is 0.3064579089482626 minutes
2023-10-04 10:02:27,039:INFO:SubProcess create_model() called ==================================
2023-10-04 10:02:27,039:INFO:Initializing create_model()
2023-10-04 10:02:27,039:INFO:create_model(self=<pycaret.classification.oop.ClassificationExperiment object at 0x00000187799DBE20>, estimator=xgboost, fold=StratifiedKFold(n_splits=5, random_state=None, shuffle=False), round=4, cross_validation=True, predict=True, fit_kwargs={}, groups=None, refit=False, probability_threshold=None, experiment_custom_tags=None, verbose=False, system=False, add_to_model_list=True, metrics=None, display=<pycaret.internal.display.display.CommonDisplay object at 0x000001877B3CFA30>, model_only=True, return_train_score=False, kwargs={})
2023-10-04 10:02:27,039:INFO:Checking exceptions
2023-10-04 10:02:27,039:INFO:Importing libraries
2023-10-04 10:02:27,039:INFO:Copying training dataset
2023-10-04 10:02:27,056:INFO:Defining folds
2023-10-04 10:02:27,056:INFO:Declaring metric variables
2023-10-04 10:02:27,063:INFO:Importing untrained model
2023-10-04 10:02:27,076:INFO:Extreme Gradient Boosting Imported successfully
2023-10-04 10:02:27,090:INFO:Starting cross validation
2023-10-04 10:02:27,093:INFO:Cross validating with StratifiedKFold(n_splits=5, random_state=None, shuffle=False), n_jobs=-1
2023-10-04 10:02:27,665:INFO:Calculating mean and std
2023-10-04 10:02:27,668:INFO:Creating metrics dataframe
2023-10-04 10:02:27,679:INFO:Uploading results into container
2023-10-04 10:02:27,680:INFO:Uploading model into container now
2023-10-04 10:02:27,681:INFO:_master_model_container: 13
2023-10-04 10:02:27,682:INFO:_display_container: 2
2023-10-04 10:02:27,684:INFO:XGBClassifier(base_score=None, booster='gbtree', callbacks=None,
              colsample_bylevel=None, colsample_bynode=None,
              colsample_bytree=None, early_stopping_rounds=None,
              enable_categorical=False, eval_metric=None, feature_types=None,
              gamma=None, gpu_id=None, grow_policy=None, importance_type=None,
              interaction_constraints=None, learning_rate=None, max_bin=None,
              max_cat_threshold=None, max_cat_to_onehot=None,
              max_delta_step=None, max_depth=None, max_leaves=None,
              min_child_weight=None, missing=nan, monotone_constraints=None,
              n_estimators=100, n_jobs=-1, num_parallel_tree=None,
              objective='binary:logistic', predictor=None, ...)
2023-10-04 10:02:27,685:INFO:create_model() successfully completed......................................
2023-10-04 10:02:28,023:INFO:SubProcess create_model() end ==================================
2023-10-04 10:02:28,023:INFO:Creating metrics dataframe
2023-10-04 10:02:28,064:INFO:Initializing Light Gradient Boosting Machine
2023-10-04 10:02:28,064:INFO:Total runtime is 0.32376374403635666 minutes
2023-10-04 10:02:28,072:INFO:SubProcess create_model() called ==================================
2023-10-04 10:02:28,072:INFO:Initializing create_model()
2023-10-04 10:02:28,072:INFO:create_model(self=<pycaret.classification.oop.ClassificationExperiment object at 0x00000187799DBE20>, estimator=lightgbm, fold=StratifiedKFold(n_splits=5, random_state=None, shuffle=False), round=4, cross_validation=True, predict=True, fit_kwargs={}, groups=None, refit=False, probability_threshold=None, experiment_custom_tags=None, verbose=False, system=False, add_to_model_list=True, metrics=None, display=<pycaret.internal.display.display.CommonDisplay object at 0x000001877B3CFA30>, model_only=True, return_train_score=False, kwargs={})
2023-10-04 10:02:28,072:INFO:Checking exceptions
2023-10-04 10:02:28,072:INFO:Importing libraries
2023-10-04 10:02:28,072:INFO:Copying training dataset
2023-10-04 10:02:28,091:INFO:Defining folds
2023-10-04 10:02:28,091:INFO:Declaring metric variables
2023-10-04 10:02:28,100:INFO:Importing untrained model
2023-10-04 10:02:28,110:INFO:Light Gradient Boosting Machine Imported successfully
2023-10-04 10:02:28,128:INFO:Starting cross validation
2023-10-04 10:02:28,130:INFO:Cross validating with StratifiedKFold(n_splits=5, random_state=None, shuffle=False), n_jobs=-1
2023-10-04 10:02:28,855:INFO:Calculating mean and std
2023-10-04 10:02:28,855:INFO:Creating metrics dataframe
2023-10-04 10:02:28,855:INFO:Uploading results into container
2023-10-04 10:02:28,855:INFO:Uploading model into container now
2023-10-04 10:02:28,871:INFO:_master_model_container: 14
2023-10-04 10:02:28,871:INFO:_display_container: 2
2023-10-04 10:02:28,873:INFO:LGBMClassifier(boosting_type='gbdt', class_weight=None, colsample_bytree=1.0,
               importance_type='split', learning_rate=0.1, max_depth=-1,
               min_child_samples=20, min_child_weight=0.001, min_split_gain=0.0,
               n_estimators=100, n_jobs=-1, num_leaves=31, objective=None,
               random_state=1650, reg_alpha=0.0, reg_lambda=0.0, subsample=1.0,
               subsample_for_bin=200000, subsample_freq=0)
2023-10-04 10:02:28,873:INFO:create_model() successfully completed......................................
2023-10-04 10:02:29,202:INFO:SubProcess create_model() end ==================================
2023-10-04 10:02:29,202:INFO:Creating metrics dataframe
2023-10-04 10:02:29,250:INFO:Initializing Dummy Classifier
2023-10-04 10:02:29,250:INFO:Total runtime is 0.3435348947842916 minutes
2023-10-04 10:02:29,257:INFO:SubProcess create_model() called ==================================
2023-10-04 10:02:29,257:INFO:Initializing create_model()
2023-10-04 10:02:29,257:INFO:create_model(self=<pycaret.classification.oop.ClassificationExperiment object at 0x00000187799DBE20>, estimator=dummy, fold=StratifiedKFold(n_splits=5, random_state=None, shuffle=False), round=4, cross_validation=True, predict=True, fit_kwargs={}, groups=None, refit=False, probability_threshold=None, experiment_custom_tags=None, verbose=False, system=False, add_to_model_list=True, metrics=None, display=<pycaret.internal.display.display.CommonDisplay object at 0x000001877B3CFA30>, model_only=True, return_train_score=False, kwargs={})
2023-10-04 10:02:29,257:INFO:Checking exceptions
2023-10-04 10:02:29,257:INFO:Importing libraries
2023-10-04 10:02:29,257:INFO:Copying training dataset
2023-10-04 10:02:29,269:INFO:Defining folds
2023-10-04 10:02:29,269:INFO:Declaring metric variables
2023-10-04 10:02:29,280:INFO:Importing untrained model
2023-10-04 10:02:29,288:INFO:Dummy Classifier Imported successfully
2023-10-04 10:02:29,303:INFO:Starting cross validation
2023-10-04 10:02:29,307:INFO:Cross validating with StratifiedKFold(n_splits=5, random_state=None, shuffle=False), n_jobs=-1
2023-10-04 10:02:29,380:WARNING:C:\Users\sandr\anaconda3\lib\site-packages\sklearn\metrics\_classification.py:1344: UndefinedMetricWarning: Precision is ill-defined and being set to 0.0 due to no predicted samples. Use `zero_division` parameter to control this behavior.
  _warn_prf(average, modifier, msg_start, len(result))

2023-10-04 10:02:29,395:WARNING:C:\Users\sandr\anaconda3\lib\site-packages\sklearn\metrics\_classification.py:1344: UndefinedMetricWarning: Precision is ill-defined and being set to 0.0 due to no predicted samples. Use `zero_division` parameter to control this behavior.
  _warn_prf(average, modifier, msg_start, len(result))

2023-10-04 10:02:29,411:WARNING:C:\Users\sandr\anaconda3\lib\site-packages\sklearn\metrics\_classification.py:1344: UndefinedMetricWarning: Precision is ill-defined and being set to 0.0 due to no predicted samples. Use `zero_division` parameter to control this behavior.
  _warn_prf(average, modifier, msg_start, len(result))

2023-10-04 10:02:29,411:WARNING:C:\Users\sandr\anaconda3\lib\site-packages\sklearn\metrics\_classification.py:1344: UndefinedMetricWarning: Precision is ill-defined and being set to 0.0 due to no predicted samples. Use `zero_division` parameter to control this behavior.
  _warn_prf(average, modifier, msg_start, len(result))

2023-10-04 10:02:29,462:WARNING:C:\Users\sandr\anaconda3\lib\site-packages\sklearn\metrics\_classification.py:1344: UndefinedMetricWarning: Precision is ill-defined and being set to 0.0 due to no predicted samples. Use `zero_division` parameter to control this behavior.
  _warn_prf(average, modifier, msg_start, len(result))

2023-10-04 10:02:29,474:INFO:Calculating mean and std
2023-10-04 10:02:29,477:INFO:Creating metrics dataframe
2023-10-04 10:02:29,488:INFO:Uploading results into container
2023-10-04 10:02:29,489:INFO:Uploading model into container now
2023-10-04 10:02:29,489:INFO:_master_model_container: 15
2023-10-04 10:02:29,489:INFO:_display_container: 2
2023-10-04 10:02:29,489:INFO:DummyClassifier(constant=None, random_state=1650, strategy='prior')
2023-10-04 10:02:29,489:INFO:create_model() successfully completed......................................
2023-10-04 10:02:29,823:INFO:SubProcess create_model() end ==================================
2023-10-04 10:02:29,823:INFO:Creating metrics dataframe
2023-10-04 10:02:29,880:INFO:Initializing create_model()
2023-10-04 10:02:29,880:INFO:create_model(self=<pycaret.classification.oop.ClassificationExperiment object at 0x00000187799DBE20>, estimator=LinearDiscriminantAnalysis(covariance_estimator=None, n_components=None,
                           priors=None, shrinkage=None, solver='svd',
                           store_covariance=False, tol=0.0001), fold=StratifiedKFold(n_splits=5, random_state=None, shuffle=False), round=4, cross_validation=False, predict=False, fit_kwargs={}, groups=None, refit=True, probability_threshold=None, experiment_custom_tags=None, verbose=False, system=False, add_to_model_list=True, metrics=None, display=None, model_only=True, return_train_score=False, kwargs={})
2023-10-04 10:02:29,880:INFO:Checking exceptions
2023-10-04 10:02:29,889:INFO:Importing libraries
2023-10-04 10:02:29,891:INFO:Copying training dataset
2023-10-04 10:02:29,905:INFO:Defining folds
2023-10-04 10:02:29,905:INFO:Declaring metric variables
2023-10-04 10:02:29,905:INFO:Importing untrained model
2023-10-04 10:02:29,905:INFO:Declaring custom model
2023-10-04 10:02:29,906:INFO:Linear Discriminant Analysis Imported successfully
2023-10-04 10:02:29,907:INFO:Cross validation set to False
2023-10-04 10:02:29,907:INFO:Fitting Model
2023-10-04 10:02:29,938:INFO:LinearDiscriminantAnalysis(covariance_estimator=None, n_components=None,
                           priors=None, shrinkage=None, solver='svd',
                           store_covariance=False, tol=0.0001)
2023-10-04 10:02:29,938:INFO:create_model() successfully completed......................................
2023-10-04 10:02:30,381:INFO:_master_model_container: 15
2023-10-04 10:02:30,381:INFO:_display_container: 2
2023-10-04 10:02:30,381:INFO:LinearDiscriminantAnalysis(covariance_estimator=None, n_components=None,
                           priors=None, shrinkage=None, solver='svd',
                           store_covariance=False, tol=0.0001)
2023-10-04 10:02:30,381:INFO:compare_models() successfully completed......................................
